[18:54:43] [main/INFO] (FabricLoader/GameProvider) Loading Minecraft 1.21.11 with Fabric Loader 0.18.4
[18:54:44] [main/INFO] (FabricLoader) Loading 51 mods:
	- fabric-api 0.141.3+1.21.11
	- fabric-api-base 1.0.5+4ebb5c083e
	- fabric-api-lookup-api-v1 1.6.114+20dc27073e
	- fabric-biome-api-v1 17.1.1+4fc5413f3e
	- fabric-block-api-v1 1.1.10+4ebb5c083e
	- fabric-block-view-api-v2 1.0.39+4ebb5c083e
	- fabric-client-gametest-api-v1 4.3.5+bfe9fcf43e
	- fabric-command-api-v2 2.4.7+6b42a6003e
	- fabric-content-registries-v0 10.2.14+4fc5413f3e
	- fabric-convention-tags-v1 2.1.55+7f945d5b3e
	- fabric-convention-tags-v2 2.17.3+8ef948ba3e
	- fabric-crash-report-info-v1 0.3.23+4ebb5c083e
	- fabric-data-attachment-api-v1 1.8.47+eed0806f3e
	- fabric-data-generation-api-v1 23.4.0+69974c4e3e
	- fabric-dimensions-v1 4.0.28+4fc5413f3e
	- fabric-entity-events-v1 3.1.1+1d0ab4303e
	- fabric-events-interaction-v0 4.1.0+3b89ecf63e
	- fabric-game-rule-api-v1 2.0.3+4fc5413f3e
	- fabric-gametest-api-v1 3.1.27+4fc5413f3e
	- fabric-item-api-v1 11.5.20+d0c46b9e3e
	- fabric-item-group-api-v1 4.2.36+4fc5413f3e
	- fabric-key-binding-api-v1 1.1.7+4fc5413f3e
	- fabric-lifecycle-events-v1 2.6.15+4ebb5c083e
	- fabric-loot-api-v2 3.0.73+3f89f5a53e
	- fabric-loot-api-v3 2.0.20+78c8b4663e
	- fabric-message-api-v1 6.1.12+4ebb5c083e
	- fabric-model-loading-api-v1 6.0.15+4fc5413f3e
	- fabric-networking-api-v1 5.1.5+ae1e07683e
	- fabric-object-builder-api-v1 21.1.39+4fc5413f3e
	- fabric-particles-v1 4.2.11+4fc5413f3e
	- fabric-recipe-api-v1 8.2.3+4ebb5c083e
	- fabric-registry-sync-v0 6.2.5+1718722b3e
	- fabric-renderer-api-v1 8.0.3+f4ffd2e53e
	- fabric-renderer-indigo 5.0.3+f4ffd2e53e
	- fabric-rendering-fluids-v1 3.1.43+4ebb5c083e
	- fabric-rendering-v1 16.2.10+0290ad933e
	- fabric-resource-conditions-api-v1 5.0.35+4fc5413f3e
	- fabric-resource-loader-v0 3.3.4+4fc5413f3e
	- fabric-resource-loader-v1 1.0.10+78c8b4663e
	- fabric-screen-api-v1 3.1.7+4ebb5c083e
	- fabric-screen-handler-api-v1 1.3.161+4fc5413f3e
	- fabric-serialization-api-v1 1.0.5+4ebb5c083e
	- fabric-sound-api-v1 1.0.51+4fc5413f3e
	- fabric-tag-api-v1 1.2.20+4fc5413f3e
	- fabric-transfer-api-v1 6.0.25+4fc5413f3e
	- fabric-transitive-access-wideners-v1 7.1.0+014c8cec3e
	- fabricloader 0.18.4
	- java 21
	- minecraft 1.21.11
	- mixinextras 0.5.0
	- skulkmod 1.0
[18:54:45] [main/INFO] (FabricLoader/Mixin) SpongePowered MIXIN Subsystem Version=0.8.7 Source=file:/C:/Users/User/.gradle/caches/modules-2/files-2.1/net.fabricmc/sponge-mixin/0.17.0+mixin.0.8.7/cf31463202f72d03b0ef1e1e38e8ee71b7faaab6/sponge-mixin-0.17.0+mixin.0.8.7.jar Service=Knot/Fabric Env=CLIENT
[18:54:45] [main/INFO] (FabricLoader/Mixin) Loaded Fabric development mappings for mixin remapper!
[18:54:46] [main/INFO] (FabricLoader/Mixin) Compatibility level set to JAVA_21
[18:54:52] [main/INFO] (FabricLoader/MixinExtras|Service) Initializing MixinExtras via com.llamalad7.mixinextras.service.MixinExtrasServiceImpl(version=0.5.0).
[18:54:55] [Datafixer Bootstrap/INFO] (Minecraft) 287 Datafixer optimizations took 1011 milliseconds
[18:54:55] [main/WARN] (WmiQueryHandler) COM exception: Invalid Class Win32_Processor
[18:54:56] [main/WARN] (WmiQueryHandler) COM exception: Invalid Class Win32_Processor
[18:54:56] [main/WARN] (WmiQueryHandler) COM exception: Invalid Class Win32_PhysicalMemory
[18:54:57] [main/WARN] (PerfDataUtil) Failed to add PDH Counter: \Paging File(_Total)\% Usage, Error code: 0xC0000BB8
[18:54:57] [main/WARN] (PerfCounterQueryHandler) Failed to add counter for PDH counter: \Paging File(_Total)\% Usage
[18:54:57] [main/INFO] (PerfCounterQuery) Disabling further attempts to query Paging File.
[18:54:57] [main/WARN] (WmiQueryHandler) COM exception: Invalid Class Win32_PerfRawData_PerfOS_PagingFile
[18:55:18] [Render thread/INFO] (Minecraft) Environment: Environment[sessionHost=https://sessionserver.mojang.com, servicesHost=https://api.minecraftservices.com, profilesHost=https://api.mojang.com, name=PROD]
[18:55:18] [Render thread/INFO] (Minecraft) Setting user: Player923
[18:55:19] [Download-2/ERROR] (Minecraft) Failed to fetch user properties
com.mojang.authlib.exceptions.InvalidCredentialsException: Status: 401
	at knot//com.mojang.authlib.exceptions.MinecraftClientHttpException.toAuthenticationException(MinecraftClientHttpException.java:59)
	at knot//com.mojang.authlib.yggdrasil.YggdrasilUserApiService.fetchProperties(YggdrasilUserApiService.java:150)
	at knot//net.minecraft.client.MinecraftClient.method_55608(MinecraftClient.java:457)
	at java.base/java.util.concurrent.CompletableFuture$AsyncSupply.run$$$capture(CompletableFuture.java:1768)
	at java.base/java.util.concurrent.CompletableFuture$AsyncSupply.run(CompletableFuture.java)
	at java.base/java.util.concurrent.ThreadPoolExecutor.runWorker(ThreadPoolExecutor.java:1144)
	at java.base/java.util.concurrent.ThreadPoolExecutor$Worker.run(ThreadPoolExecutor.java:642)
	at java.base/java.lang.Thread.run(Thread.java:1583)
Caused by: com.mojang.authlib.exceptions.MinecraftClientHttpException: Status: 401
	at knot//com.mojang.authlib.minecraft.client.MinecraftClient.readInputStream(MinecraftClient.java:103)
	at knot//com.mojang.authlib.minecraft.client.MinecraftClient.get(MinecraftClient.java:56)
	at knot//com.mojang.authlib.yggdrasil.YggdrasilUserApiService.fetchProperties(YggdrasilUserApiService.java:121)
	... 6 more
[18:55:19] [Render thread/INFO] (Indigo) [Indigo] Registering Indigo renderer!
[18:55:22] [Render thread/INFO] (Minecraft) Backend library: LWJGL version 3.3.3-snapshot
[18:55:24] [Render thread/WARN] (WmiQueryHandler) COM exception: Invalid Class Win32_Processor
[18:55:24] [Render thread/WARN] (WmiQueryHandler) COM exception: Invalid Class Win32_Processor
[18:55:24] [Render thread/INFO] (Minecraft) Using optional rendering extensions: GL_ARB_buffer_storage, GL_KHR_debug, GL_ARB_vertex_attrib_binding, GL_ARB_direct_state_access, GL_EXT_texture_filter_anisotropic
[18:55:27] [Download-2/INFO] (Minecraft) Could not authorize you against Realms server: java.lang.RuntimeException: Failed to parse into SignedJWT: FabricMC
[18:55:27] [Download-2/ERROR] (Minecraft) Failed to fetch Realms feature flags
net.minecraft.client.realms.exception.RealmsServiceException: Realms authentication error with message 'java.lang.RuntimeException: Failed to parse into SignedJWT: FabricMC'
	at knot//net.minecraft.client.realms.RealmsClient.execute(RealmsClient.java:526)
	at knot//net.minecraft.client.realms.RealmsClient.fetchFeatureFlags(RealmsClient.java:186)
	at java.base/java.util.concurrent.CompletableFuture$AsyncSupply.run$$$capture(CompletableFuture.java:1768)
	at java.base/java.util.concurrent.CompletableFuture$AsyncSupply.run(CompletableFuture.java)
	at java.base/java.util.concurrent.ThreadPoolExecutor.runWorker(ThreadPoolExecutor.java:1144)
	at java.base/java.util.concurrent.ThreadPoolExecutor$Worker.run(ThreadPoolExecutor.java:642)
	at java.base/java.lang.Thread.run(Thread.java:1583)
[18:55:28] [Render thread/WARN] (Minecraft) Missing translation key for rename: item.minecraft.dune_armor_trim_smithing_template.new
[18:55:28] [Render thread/WARN] (Minecraft) Missing translation key for rename: item.minecraft.eye_armor_trim_smithing_template.new
[18:55:28] [Render thread/WARN] (Minecraft) Missing translation key for rename: item.minecraft.flow_armor_trim_smithing_template.new
[18:55:28] [Render thread/WARN] (Minecraft) Missing translation key for rename: item.minecraft.bolt_armor_trim_smithing_template.new
[18:55:28] [Render thread/WARN] (Minecraft) Missing translation key for rename: item.minecraft.host_armor_trim_smithing_template.new
[18:55:28] [Render thread/WARN] (Minecraft) Missing translation key for rename: item.minecraft.netherite_upgrade_smithing_template.new
[18:55:28] [Render thread/WARN] (Minecraft) Missing translation key for rename: item.minecraft.raiser_armor_trim_smithing_template.new
[18:55:28] [Render thread/WARN] (Minecraft) Missing translation key for rename: item.minecraft.rib_armor_trim_smithing_template.new
[18:55:28] [Render thread/WARN] (Minecraft) Missing translation key for rename: item.minecraft.sentry_armor_trim_smithing_template.new
[18:55:28] [Render thread/WARN] (Minecraft) Missing translation key for rename: item.minecraft.shaper_armor_trim_smithing_template.new
[18:55:28] [Render thread/WARN] (Minecraft) Missing translation key for rename: item.minecraft.silence_armor_trim_smithing_template.new
[18:55:28] [Render thread/WARN] (Minecraft) Missing translation key for rename: item.minecraft.snout_armor_trim_smithing_template.new
[18:55:28] [Render thread/WARN] (Minecraft) Missing translation key for rename: item.minecraft.spire_armor_trim_smithing_template.new
[18:55:28] [Render thread/WARN] (Minecraft) Missing translation key for rename: item.minecraft.tide_armor_trim_smithing_template.new
[18:55:28] [Render thread/WARN] (Minecraft) Missing translation key for rename: item.minecraft.vex_armor_trim_smithing_template.new
[18:55:28] [Render thread/WARN] (Minecraft) Missing translation key for rename: item.minecraft.ward_armor_trim_smithing_template.new
[18:55:28] [Render thread/WARN] (Minecraft) Missing translation key for rename: item.minecraft.wayfinder_armor_trim_smithing_template.new
[18:55:28] [Render thread/WARN] (Minecraft) Missing translation key for rename: item.minecraft.wild_armor_trim_smithing_template.new
[18:55:28] [Render thread/WARN] (Minecraft) Missing translation key for rename: item.minecraft.coast_armor_trim_smithing_template.new
[18:55:28] [Render thread/WARN] (Minecraft) Missing translation key for rename: item.minecraft.creeper_banner_pattern.new
[18:55:28] [Render thread/WARN] (Minecraft) Missing translation key for rename: item.minecraft.flow_banner_pattern.new
[18:55:28] [Render thread/WARN] (Minecraft) Missing translation key for rename: item.minecraft.flower_banner_pattern.new
[18:55:28] [Render thread/WARN] (Minecraft) Missing translation key for rename: item.minecraft.globe_banner_pattern.new
[18:55:28] [Render thread/WARN] (Minecraft) Missing translation key for rename: item.minecraft.guster_banner_pattern.new
[18:55:28] [Render thread/WARN] (Minecraft) Missing translation key for rename: item.minecraft.mojang_banner_pattern.new
[18:55:28] [Render thread/WARN] (Minecraft) Missing translation key for rename: item.minecraft.piglin_banner_pattern.new
[18:55:28] [Render thread/WARN] (Minecraft) Missing translation key for rename: item.minecraft.skull_banner_pattern.new
[18:55:28] [Render thread/WARN] (Minecraft) Missing translation key for rename: lanServer.port.unavailable.new
[18:55:28] [Render thread/WARN] (Minecraft) Missing translation key for rename: lanServer.port.invalid.new
[18:55:28] [Render thread/WARN] (Minecraft) Missing translation key for rename: multiplayer.disconnect.invalid_public_key_signature.new
[18:55:28] [Render thread/WARN] (Minecraft) Missing translation key for rename: selectWorld.allowCommands.new
[18:55:28] [Render thread/WARN] (Minecraft) Missing translation key for rename: gui.abuseReport.reason.generic
[18:55:28] [Render thread/WARN] (Minecraft) Missing translation key for rename: gui.abuseReport.reason.generic.description
[18:55:28] [Render thread/WARN] (Minecraft) Missing translation key for rename: commands.drop.no_loot_table
[18:55:28] [Render thread/WARN] (Minecraft) Missing translation key for rename: item.op_block_warning.line1
[18:55:28] [Render thread/WARN] (Minecraft) Missing translation key for rename: item.op_block_warning.line2
[18:55:28] [Render thread/WARN] (Minecraft) Missing translation key for rename: item.op_block_warning.line3
[18:55:28] [Render thread/WARN] (Minecraft) Missing translation key for rename: container.shulkerBox.unknownContents
[18:55:28] [Render thread/WARN] (Minecraft) Missing translation key for rename: container.shulkerBox.itemCount
[18:55:28] [Render thread/WARN] (Minecraft) Missing translation key for rename: container.shulkerBox.more
[18:55:28] [Render thread/WARN] (Minecraft) Missing translation key for rename: advancements.nether.use_lodestone.description
[18:55:28] [Render thread/WARN] (Minecraft) Missing translation key for rename: advancements.nether.use_lodestone.title
[18:55:28] [Render thread/WARN] (Minecraft) Missing translation key for rename: subtitles.block.sand.wind
[18:55:28] [Render thread/WARN] (Minecraft) Missing translation key for rename: snbt.parser.undescore_not_allowed
[18:55:28] [Render thread/WARN] (Minecraft) Missing translation key for rename: commands.setworldspawn.success.new
[18:55:28] [Render thread/WARN] (Minecraft) Missing translation key for rename: commands.spawnpoint.success.multiple.new
[18:55:28] [Render thread/WARN] (Minecraft) Missing translation key for rename: commands.spawnpoint.success.single.new
[18:55:28] [Render thread/WARN] (Minecraft) Missing translation key for rename: debug.crash.message.rebindable
[18:55:28] [Render thread/WARN] (Minecraft) Missing translation key for rename: debug.profiling.start.rebindable
[18:55:28] [Render thread/WARN] (Minecraft) Missing translation key for rename: subtitles.item.underwater_saddle.equip
[18:55:28] [Render thread/WARN] (Minecraft) Missing translation key for rename: gamerule.mobGriefing
[18:55:28] [Render thread/WARN] (Minecraft) Missing translation key for rename: gamerule.keepInventory
[18:55:28] [Render thread/WARN] (Minecraft) Missing translation key for rename: gamerule.doMobSpawning
[18:55:28] [Render thread/WARN] (Minecraft) Missing translation key for rename: gamerule.doMobLoot
[18:55:28] [Render thread/WARN] (Minecraft) Missing translation key for rename: gamerule.projectilesCanBreakBlocks
[18:55:28] [Render thread/WARN] (Minecraft) Missing translation key for rename: gamerule.doTileDrops
[18:55:28] [Render thread/WARN] (Minecraft) Missing translation key for rename: gamerule.doEntityDrops
[18:55:28] [Render thread/WARN] (Minecraft) Missing translation key for rename: gamerule.commandBlockOutput
[18:55:28] [Render thread/WARN] (Minecraft) Missing translation key for rename: gamerule.naturalRegeneration
[18:55:28] [Render thread/WARN] (Minecraft) Missing translation key for rename: gamerule.doDaylightCycle
[18:55:28] [Render thread/WARN] (Minecraft) Missing translation key for rename: gamerule.logAdminCommands
[18:55:28] [Render thread/WARN] (Minecraft) Missing translation key for rename: gamerule.showDeathMessages
[18:55:28] [Render thread/WARN] (Minecraft) Missing translation key for rename: gamerule.randomTickSpeed
[18:55:28] [Render thread/WARN] (Minecraft) Missing translation key for rename: gamerule.sendCommandFeedback
[18:55:28] [Render thread/WARN] (Minecraft) Missing translation key for rename: gamerule.reducedDebugInfo
[18:55:28] [Render thread/WARN] (Minecraft) Missing translation key for rename: gamerule.spectatorsGenerateChunks
[18:55:28] [Render thread/WARN] (Minecraft) Missing translation key for rename: gamerule.spawnRadius
[18:55:28] [Render thread/WARN] (Minecraft) Missing translation key for rename: gamerule.maxEntityCramming
[18:55:28] [Render thread/WARN] (Minecraft) Missing translation key for rename: gamerule.doWeatherCycle
[18:55:28] [Render thread/WARN] (Minecraft) Missing translation key for rename: gamerule.doLimitedCrafting
[18:55:28] [Render thread/WARN] (Minecraft) Missing translation key for rename: gamerule.maxCommandChainLength
[18:55:28] [Render thread/WARN] (Minecraft) Missing translation key for rename: gamerule.maxCommandForkCount
[18:55:28] [Render thread/WARN] (Minecraft) Missing translation key for rename: gamerule.commandModificationBlockLimit
[18:55:28] [Render thread/WARN] (Minecraft) Missing translation key for rename: gamerule.announceAdvancements
[18:55:28] [Render thread/WARN] (Minecraft) Missing translation key for rename: gamerule.doInsomnia
[18:55:28] [Render thread/WARN] (Minecraft) Missing translation key for rename: gamerule.doImmediateRespawn
[18:55:28] [Render thread/WARN] (Minecraft) Missing translation key for rename: gamerule.playersNetherPortalDefaultDelay
[18:55:28] [Render thread/WARN] (Minecraft) Missing translation key for rename: gamerule.playersNetherPortalCreativeDelay
[18:55:28] [Render thread/WARN] (Minecraft) Missing translation key for rename: gamerule.drowningDamage
[18:55:28] [Render thread/WARN] (Minecraft) Missing translation key for rename: gamerule.fallDamage
[18:55:28] [Render thread/WARN] (Minecraft) Missing translation key for rename: gamerule.fireDamage
[18:55:28] [Render thread/WARN] (Minecraft) Missing translation key for rename: gamerule.freezeDamage
[18:55:28] [Render thread/WARN] (Minecraft) Missing translation key for rename: gamerule.doPatrolSpawning
[18:55:28] [Render thread/WARN] (Minecraft) Missing translation key for rename: gamerule.doTraderSpawning
[18:55:28] [Render thread/WARN] (Minecraft) Missing translation key for rename: gamerule.doWardenSpawning
[18:55:28] [Render thread/WARN] (Minecraft) Missing translation key for rename: gamerule.forgiveDeadPlayers
[18:55:28] [Render thread/WARN] (Minecraft) Missing translation key for rename: gamerule.universalAnger
[18:55:28] [Render thread/WARN] (Minecraft) Missing translation key for rename: gamerule.playersSleepingPercentage
[18:55:28] [Render thread/WARN] (Minecraft) Missing translation key for rename: gamerule.blockExplosionDropDecay
[18:55:28] [Render thread/WARN] (Minecraft) Missing translation key for rename: gamerule.mobExplosionDropDecay
[18:55:28] [Render thread/WARN] (Minecraft) Missing translation key for rename: gamerule.tntExplosionDropDecay
[18:55:28] [Render thread/WARN] (Minecraft) Missing translation key for rename: gamerule.snowAccumulationHeight
[18:55:28] [Render thread/WARN] (Minecraft) Missing translation key for rename: gamerule.waterSourceConversion
[18:55:28] [Render thread/WARN] (Minecraft) Missing translation key for rename: gamerule.lavaSourceConversion
[18:55:28] [Render thread/WARN] (Minecraft) Missing translation key for rename: gamerule.globalSoundEvents
[18:55:28] [Render thread/WARN] (Minecraft) Missing translation key for rename: gamerule.doVinesSpread
[18:55:28] [Render thread/WARN] (Minecraft) Missing translation key for rename: gamerule.enderPearlsVanishOnDeath
[18:55:28] [Render thread/WARN] (Minecraft) Missing translation key for rename: gamerule.minecartMaxSpeed
[18:55:28] [Render thread/WARN] (Minecraft) Missing translation key for rename: gamerule.tntExplodes
[18:55:28] [Render thread/WARN] (Minecraft) Missing translation key for rename: gamerule.locatorBar
[18:55:28] [Render thread/WARN] (Minecraft) Missing translation key for rename: gamerule.pvp
[18:55:28] [Render thread/WARN] (Minecraft) Missing translation key for rename: gamerule.allowEnteringNetherUsingPortals
[18:55:28] [Render thread/WARN] (Minecraft) Missing translation key for rename: gamerule.spawnMonsters
[18:55:28] [Render thread/WARN] (Minecraft) Missing translation key for rename: gamerule.commandBlocksEnabled
[18:55:28] [Render thread/WARN] (Minecraft) Missing translation key for rename: gamerule.spawnerBlocksEnabled
[18:55:28] [Render thread/WARN] (Minecraft) Missing translation key for rename: gamerule.allowFireTicksAwayFromPlayer.description
[18:55:28] [Render thread/WARN] (Minecraft) Missing translation key for rename: gamerule.doMobSpawning.description
[18:55:28] [Render thread/WARN] (Minecraft) Missing translation key for rename: gamerule.doMobLoot.description
[18:55:28] [Render thread/WARN] (Minecraft) Missing translation key for rename: gamerule.projectilesCanBreakBlocks.description
[18:55:28] [Render thread/WARN] (Minecraft) Missing translation key for rename: gamerule.doTileDrops.description
[18:55:28] [Render thread/WARN] (Minecraft) Missing translation key for rename: gamerule.doEntityDrops.description
[18:55:28] [Render thread/WARN] (Minecraft) Missing translation key for rename: gamerule.reducedDebugInfo.description
[18:55:28] [Render thread/WARN] (Minecraft) Missing translation key for rename: gamerule.spawnRadius.description
[18:55:28] [Render thread/WARN] (Minecraft) Missing translation key for rename: gamerule.doLimitedCrafting.description
[18:55:28] [Render thread/WARN] (Minecraft) Missing translation key for rename: gamerule.maxCommandChainLength.description
[18:55:28] [Render thread/WARN] (Minecraft) Missing translation key for rename: gamerule.maxCommandForkCount.description
[18:55:28] [Render thread/WARN] (Minecraft) Missing translation key for rename: gamerule.commandModificationBlockLimit.description
[18:55:28] [Render thread/WARN] (Minecraft) Missing translation key for rename: gamerule.playersNetherPortalDefaultDelay.description
[18:55:28] [Render thread/WARN] (Minecraft) Missing translation key for rename: gamerule.playersNetherPortalCreativeDelay.description
[18:55:28] [Render thread/WARN] (Minecraft) Missing translation key for rename: gamerule.forgiveDeadPlayers.description
[18:55:28] [Render thread/WARN] (Minecraft) Missing translation key for rename: gamerule.universalAnger.description
[18:55:28] [Render thread/WARN] (Minecraft) Missing translation key for rename: gamerule.playersSleepingPercentage.description
[18:55:28] [Render thread/WARN] (Minecraft) Missing translation key for rename: gamerule.blockExplosionDropDecay.description
[18:55:28] [Render thread/WARN] (Minecraft) Missing translation key for rename: gamerule.mobExplosionDropDecay.description
[18:55:28] [Render thread/WARN] (Minecraft) Missing translation key for rename: gamerule.tntExplosionDropDecay.description
[18:55:28] [Render thread/WARN] (Minecraft) Missing translation key for rename: gamerule.snowAccumulationHeight.description
[18:55:28] [Render thread/WARN] (Minecraft) Missing translation key for rename: gamerule.waterSourceConversion.description
[18:55:28] [Render thread/WARN] (Minecraft) Missing translation key for rename: gamerule.lavaSourceConversion.description
[18:55:28] [Render thread/WARN] (Minecraft) Missing translation key for rename: gamerule.globalSoundEvents.description
[18:55:28] [Render thread/WARN] (Minecraft) Missing translation key for rename: gamerule.doVinesSpread.description
[18:55:28] [Render thread/WARN] (Minecraft) Missing translation key for rename: gamerule.enderPearlsVanishOnDeath.description
[18:55:28] [Render thread/WARN] (Minecraft) Missing translation key for rename: gamerule.minecartMaxSpeed.description
[18:55:28] [Render thread/WARN] (Minecraft) Missing translation key for rename: gamerule.locatorBar.description
[18:55:28] [Render thread/WARN] (Minecraft) Missing translation key for rename: gamerule.pvp.description
[18:55:28] [Render thread/WARN] (Minecraft) Missing translation key for rename: gamerule.allowEnteringNetherUsingPortals.description
[18:55:28] [Render thread/WARN] (Minecraft) Missing translation key for rename: gamerule.spawnMonsters.description
[18:55:28] [Render thread/WARN] (Minecraft) Missing translation key for rename: gamerule.category.chat
[18:55:28] [Render thread/WARN] (Minecraft) Missing translation key for rename: gamerule.category.drops
[18:55:28] [Render thread/WARN] (Minecraft) Missing translation key for rename: gamerule.category.misc
[18:55:28] [Render thread/WARN] (Minecraft) Missing translation key for rename: gamerule.category.mobs
[18:55:28] [Render thread/WARN] (Minecraft) Missing translation key for rename: gamerule.category.player
[18:55:28] [Render thread/WARN] (Minecraft) Missing translation key for rename: gamerule.category.spawning
[18:55:28] [Render thread/WARN] (Minecraft) Missing translation key for rename: gamerule.category.updates
[18:55:28] [Render thread/INFO] (Minecraft) Reloading ResourceManager: vanilla, fabric-api, fabric-api-base, fabric-api-lookup-api-v1, fabric-biome-api-v1, fabric-block-api-v1, fabric-block-view-api-v2, fabric-client-gametest-api-v1, fabric-command-api-v2, fabric-content-registries-v0, fabric-convention-tags-v1, fabric-convention-tags-v2, fabric-crash-report-info-v1, fabric-data-attachment-api-v1, fabric-data-generation-api-v1, fabric-dimensions-v1, fabric-entity-events-v1, fabric-events-interaction-v0, fabric-game-rule-api-v1, fabric-gametest-api-v1, fabric-item-api-v1, fabric-item-group-api-v1, fabric-key-binding-api-v1, fabric-lifecycle-events-v1, fabric-loot-api-v2, fabric-loot-api-v3, fabric-message-api-v1, fabric-model-loading-api-v1, fabric-networking-api-v1, fabric-object-builder-api-v1, fabric-particles-v1, fabric-recipe-api-v1, fabric-registry-sync-v0, fabric-renderer-api-v1, fabric-renderer-indigo, fabric-rendering-fluids-v1, fabric-rendering-v1, fabric-resource-conditions-api-v1, fabric-resource-loader-v0, fabric-resource-loader-v1, fabric-screen-api-v1, fabric-screen-handler-api-v1, fabric-serialization-api-v1, fabric-sound-api-v1, fabric-tag-api-v1, fabric-transfer-api-v1, fabric-transitive-access-wideners-v1, fabricloader, skulkmod
[18:55:29] [Worker-Main-2/INFO] (Minecraft) Found unifont_all_no_pua-17.0.01.hex, loading
[18:55:29] [Worker-Main-1/INFO] (Minecraft) Found unifont_pua-17.0.01.hex, loading
[18:55:30] [Worker-Main-2/INFO] (Minecraft) Found unifont_jp_patch-17.0.01.hex, loading
[18:55:33] [Worker-Main-1/WARN] (Minecraft) Missing textures in model skulkmod:item/sculk_shield:
    minecraft:block_or_item:minecraft:sculk_block
[18:55:33] [Render thread/INFO] (Minecraft) OpenAL initialized on device OpenAL Soft on Наушники (Sabotauge)
[18:55:33] [Render thread/INFO] (Minecraft) Sound engine started
[18:55:33] [Render thread/INFO] (Minecraft) Created: 512x256x0 minecraft:textures/atlas/particles.png-atlas
[18:55:33] [Render thread/INFO] (Minecraft) Created: 128x128x0 minecraft:textures/atlas/decorated_pot.png-atlas
[18:55:33] [Render thread/INFO] (Minecraft) Created: 2048x1024x0 minecraft:textures/atlas/armor_trims.png-atlas
[18:55:33] [Render thread/INFO] (Minecraft) Created: 512x256x0 minecraft:textures/atlas/paintings.png-atlas
[18:55:33] [Render thread/INFO] (Minecraft) Created: 1024x512x0 minecraft:textures/atlas/shield_patterns.png-atlas
[18:55:33] [Render thread/INFO] (Minecraft) Created: 2048x2048x4 minecraft:textures/atlas/blocks.png-atlas
[18:55:33] [Render thread/INFO] (Minecraft) Created: 512x512x0 minecraft:textures/atlas/chest.png-atlas
[18:55:33] [Render thread/INFO] (Minecraft) Created: 256x128x0 minecraft:textures/atlas/celestials.png-atlas
[18:55:33] [Render thread/INFO] (Minecraft) Created: 1024x512x0 minecraft:textures/atlas/banner_patterns.png-atlas
[18:55:33] [Render thread/INFO] (Minecraft) Created: 512x512x0 minecraft:textures/atlas/beds.png-atlas
[18:55:33] [Render thread/INFO] (Minecraft) Created: 1024x512x0 minecraft:textures/atlas/items.png-atlas
[18:55:33] [Render thread/INFO] (Minecraft) Created: 1024x1024x0 minecraft:textures/atlas/gui.png-atlas
[18:55:33] [Render thread/INFO] (Minecraft) Created: 128x64x0 minecraft:textures/atlas/map_decorations.png-atlas
[18:55:33] [Render thread/INFO] (Minecraft) Created: 512x256x0 minecraft:textures/atlas/signs.png-atlas
[18:55:33] [Render thread/INFO] (Minecraft) Created: 512x512x0 minecraft:textures/atlas/shulker_boxes.png-atlas
[18:55:36] [IO-Worker-1/INFO] (Minecraft) Could not authorize you against Realms server: java.lang.RuntimeException: Failed to parse into SignedJWT: FabricMC
[18:55:36] [IO-Worker-1/ERROR] (Minecraft) Couldn't connect to realms
net.minecraft.client.realms.exception.RealmsServiceException: Realms authentication error with message 'java.lang.RuntimeException: Failed to parse into SignedJWT: FabricMC'
	at knot//net.minecraft.client.realms.RealmsClient.execute(RealmsClient.java:526)
	at knot//net.minecraft.client.realms.RealmsClient.clientCompatible(RealmsClient.java:307)
	at knot//net.minecraft.client.realms.RealmsAvailability.method_52627(RealmsAvailability.java:48)
	at java.base/java.util.concurrent.CompletableFuture$AsyncSupply.run$$$capture(CompletableFuture.java:1768)
	at java.base/java.util.concurrent.CompletableFuture$AsyncSupply.run(CompletableFuture.java)
	at java.base/java.util.concurrent.ThreadPoolExecutor.runWorker(ThreadPoolExecutor.java:1144)
	at java.base/java.util.concurrent.ThreadPoolExecutor$Worker.run(ThreadPoolExecutor.java:642)
	at java.base/java.lang.Thread.run(Thread.java:1583)
[18:55:48] [Worker-Main-2/ERROR] (Minecraft) Couldn't parse data file 'skulkmod:sculk_shield' from 'skulkmod:recipe/sculk_shield.json': DataResult.Error['Failed to parse either. First: Unknown registry key in ResourceKey[minecraft:root / minecraft:item]: skulkmod:sculk_shield; Second: Not a string: {"id":"skulkmod:sculk_shield"}']
[18:55:49] [Render thread/INFO] (Minecraft) Loaded 1503 recipes
[18:55:49] [Render thread/INFO] (Minecraft) Loaded 1584 advancements
[18:55:49] [Render thread/INFO] (BiomeModificationImpl) Applied 0 biome modifications to 0 of 65 new biomes in 2.300 ms
[18:55:49] [Server thread/INFO] (Minecraft) Starting integrated minecraft server version 1.21.11
[18:55:49] [Server thread/INFO] (Minecraft) Generating keypair
[18:55:51] [Server thread/INFO] (Minecraft) Loading 0 persistent chunks...
[18:55:51] [Server thread/INFO] (Minecraft) Preparing spawn area: 16%
[18:55:51] [Server thread/WARN] (TranslationConventionLogWarnings) 
	Dev warning - Untranslated Item Tags detected. Please translate your item tags so other mods such as recipe viewers can properly display your tag's name.
	The format desired is tag.item.<namespace>.<path> for the translation key with slashes in path turned into periods.
	To disable this message, set this system property in your runs: `-Dfabric-tag-conventions-v2.missingTagTranslationWarning=SILENCED`.
	To see individual untranslated item tags found, set the system property to `-Dfabric-tag-conventions-v2.missingTagTranslationWarning=VERBOSE`.
	Default is `SHORT`.

[18:55:53] [Server thread/INFO] (Minecraft) Loading 49 chunks for player spawn...
[18:55:53] [Server thread/INFO] (Minecraft) Preparing spawn area: 16%
[18:55:53] [Server thread/INFO] (Minecraft) Preparing spawn area: 16%
[18:55:53] [Server thread/INFO] (Minecraft) Preparing spawn area: 16%
[18:55:53] [Server thread/INFO] (Minecraft) Preparing spawn area: 16%
[18:55:53] [Server thread/INFO] (Minecraft) Preparing spawn area: 20%
[18:55:53] [Server thread/INFO] (Minecraft) Time elapsed: 2670 ms
[18:55:54] [Server thread/ERROR] (Minecraft) Tried to load unrecognized recipe: ResourceKey[minecraft:recipe / skulkmod:sculk_shield] removed now.
[18:55:54] [Server thread/ERROR] (Minecraft) Tried to load unrecognized recipe: ResourceKey[minecraft:recipe / skulkmod:sculk_shield] removed now.
[18:55:54] [Server thread/INFO] (Minecraft) Player923[local:E:ff16cb2a] logged in with entity id 59 at (15.391291814543234, -60.0, 32.587301710011445)
[18:55:55] [Server thread/INFO] (Minecraft) Player923 joined the game
[18:55:55] [Server thread/WARN] (Minecraft) [net.minecraft.server.network.PrepareSpawnTask] Serialization errors:
ServerPlayerEntity['Player923'/59, l='ServerLevel[New World]', x=15.39, y=-60.00, z=32.59]: Failed to decode value '{Slot:19b,count:1,id:"skulkmod:sculk_shield"}' from field 'Inventory' at index 18': Unknown registry key in ResourceKey[minecraft:root / minecraft:item]: skulkmod:sculk_shield
[18:55:55] [Render thread/INFO] (Minecraft) Loaded 43 advancements
[18:55:56] [Server thread/INFO] (Minecraft) [STDOUT]: 📁 Загрузка истории для:
[18:55:56] [Server thread/INFO] (Minecraft) [STDOUT]:    ID: New World_minecraft_overworld
[18:55:56] [Server thread/INFO] (Minecraft) [STDOUT]:    Путь: saves\New World\blockhistory\minecraft_overworld.json
[18:55:56] [Render thread/INFO] (Minecraft) Resizing Dynamic Transforms UBO, capacity limit of 2 reached during a single frame. New capacity will be 4.
[18:55:56] [Server thread/INFO] (Minecraft) [STDOUT]: 📁 Загрузка истории для:
[18:55:56] [Server thread/INFO] (Minecraft) [STDOUT]:    ID: New World_minecraft_the_nether
[18:55:56] [Server thread/INFO] (Minecraft) [STDOUT]:    Путь: saves\New World\blockhistory\minecraft_the_nether.json
[18:55:56] [Server thread/INFO] (Minecraft) [STDOUT]: 📁 Загрузка истории для:
[18:55:56] [Server thread/INFO] (Minecraft) [STDOUT]:    ID: New World_minecraft_the_end
[18:55:56] [Server thread/INFO] (Minecraft) [STDOUT]:    Путь: saves\New World\blockhistory\minecraft_the_end.json
[18:55:56] [Server thread/INFO] (Minecraft) Changing view distance to 9, from 10
[18:55:56] [Server thread/INFO] (Minecraft) Changing simulation distance to 5, from 0
[18:55:56] [Render thread/INFO] (Minecraft) Resizing Dynamic Transforms UBO, capacity limit of 4 reached during a single frame. New capacity will be 8.
[18:55:57] [Render thread/INFO] (Minecraft) Resizing Chunk Sections UBO, capacity limit of 2 reached during a single frame. New capacity will be 8.
[18:55:57] [Render thread/INFO] (Minecraft) Resizing Dynamic Transforms UBO, capacity limit of 8 reached during a single frame. New capacity will be 16.
[18:55:57] [Render thread/INFO] (Minecraft) Resizing Chunk Sections UBO, capacity limit of 8 reached during a single frame. New capacity will be 16.
[18:55:57] [Server thread/INFO] (Minecraft) Saving and pausing game...
[18:55:57] [Render thread/INFO] (Minecraft) Resizing Chunk Sections UBO, capacity limit of 16 reached during a single frame. New capacity will be 32.
[18:55:57] [Server thread/INFO] (Minecraft) Saving chunks for level 'ServerLevel[New World]'/minecraft:overworld
[18:55:58] [Server thread/INFO] (Minecraft) Saving chunks for level 'ServerLevel[New World]'/minecraft:the_nether
[18:55:58] [Server thread/INFO] (Minecraft) Saving chunks for level 'ServerLevel[New World]'/minecraft:the_end
[19:01:39] [Render thread/INFO] (Minecraft) Resizing Chunk Sections UBO, capacity limit of 32 reached during a single frame. New capacity will be 64.
[19:01:40] [Render thread/INFO] (Minecraft) Resizing Chunk Sections UBO, capacity limit of 64 reached during a single frame. New capacity will be 128.
[19:01:41] [Render thread/INFO] (Minecraft) Resizing Chunk Sections UBO, capacity limit of 128 reached during a single frame. New capacity will be 256.
